<?xml version="1.0" encoding="UTF-8"?>
<testng-results skipped="0" failed="0" ignored="0" total="1" passed="1">
  <reporter-output>
  </reporter-output>
  <suite name="Default suite" duration-ms="25973" started-at="2021-08-15T20:55:36Z" finished-at="2021-08-15T20:56:02Z">
    <groups>
      <group name="HardCoded">
        <method signature="spotify.Test01_login()[pri:0, instance:TestSanity.spotify@458c1321]" name="Test01_login" class="TestSanity.spotify"/>
      </group> <!-- HardCoded -->
    </groups>
    <test name="Default test" duration-ms="25973" started-at="2021-08-15T20:55:36Z" finished-at="2021-08-15T20:56:02Z">
      <class name="TestSanity.spotify">
        <test-method status="PASS" signature="StartSession()[pri:0, instance:TestSanity.spotify@458c1321]" name="StartSession" is-config="true" duration-ms="15564" started-at="2021-08-15T23:55:36Z" finished-at="2021-08-15T23:55:51Z">
          <reporter-output>
          </reporter-output>
        </test-method> <!-- StartSession -->
        <test-method status="PASS" signature="doBeforeMethod(java.lang.reflect.Method)[pri:0, instance:TestSanity.spotify@458c1321]" name="doBeforeMethod" is-config="true" duration-ms="3" started-at="2021-08-15T23:55:51Z" finished-at="2021-08-15T23:55:51Z">
          <params>
            <param index="0">
              <value>
                <![CDATA[public void TestSanity.spotify.Test01_login() throws javax.xml.parsers.ParserConfigurationException,org.xml.sax.SAXException,java.io.IOException]]>
              </value>
            </param>
          </params>
          <reporter-output>
          </reporter-output>
        </test-method> <!-- doBeforeMethod -->
        <test-method status="PASS" signature="Test01_login()[pri:0, instance:TestSanity.spotify@458c1321]" name="Test01_login" duration-ms="9419" started-at="2021-08-15T23:55:51Z" finished-at="2021-08-15T23:56:01Z">
          <reporter-output>
          </reporter-output>
        </test-method> <!-- Test01_login -->
        <test-method status="PASS" signature="doBeforeMethod()[pri:0, instance:TestSanity.spotify@458c1321]" name="doBeforeMethod" is-config="true" duration-ms="0" started-at="2021-08-15T23:55:51Z" finished-at="2021-08-15T23:55:51Z">
          <reporter-output>
          </reporter-output>
        </test-method> <!-- doBeforeMethod -->
        <test-method status="PASS" signature="doAfterTest()[pri:0, instance:TestSanity.spotify@458c1321]" name="doAfterTest" is-config="true" duration-ms="2" started-at="2021-08-15T23:56:01Z" finished-at="2021-08-15T23:56:01Z">
          <reporter-output>
          </reporter-output>
        </test-method> <!-- doAfterTest -->
        <test-method status="PASS" signature="closeSession()[pri:0, instance:TestSanity.spotify@458c1321]" name="closeSession" is-config="true" duration-ms="968" started-at="2021-08-15T23:56:01Z" finished-at="2021-08-15T23:56:02Z">
          <reporter-output>
          </reporter-output>
        </test-method> <!-- closeSession -->
      </class> <!-- TestSanity.spotify -->
    </test> <!-- Default test -->
  </suite> <!-- Default suite -->
</testng-results>
